c:\users\kyle\dropbox\xcodeprojects\aluminum\windows\framework\aluminum\debug\vc120.pdb
c:\users\kyle\dropbox\xcodeprojects\aluminum\windows\framework\aluminum\debug\vc120.idb
c:\users\kyle\dropbox\xcodeprojects\aluminum\windows\framework\aluminum\debug\behavior.obj
c:\users\kyle\dropbox\xcodeprojects\aluminum\windows\framework\aluminum\debug\camera.obj
c:\users\kyle\dropbox\xcodeprojects\aluminum\windows\framework\aluminum\debug\fbo.obj
c:\users\kyle\dropbox\xcodeprojects\aluminum\windows\framework\aluminum\debug\font.obj
c:\users\kyle\dropbox\xcodeprojects\aluminum\windows\framework\aluminum\debug\meshbuffer.obj
c:\users\kyle\dropbox\xcodeprojects\aluminum\windows\framework\aluminum\debug\meshdata.obj
c:\users\kyle\dropbox\xcodeprojects\aluminum\windows\framework\aluminum\debug\meshutils.obj
c:\users\kyle\dropbox\xcodeprojects\aluminum\windows\framework\aluminum\debug\program.obj
c:\users\kyle\dropbox\xcodeprojects\aluminum\windows\framework\aluminum\debug\shapes.obj
c:\users\kyle\dropbox\xcodeprojects\aluminum\windows\framework\aluminum\debug\texture.obj
c:\users\kyle\dropbox\xcodeprojects\aluminum\windows\framework\aluminum\debug\freeglutglview.obj
c:\users\kyle\dropbox\xcodeprojects\aluminum\windows\framework\aluminum\debug\rendererwin32.obj
c:\users\kyle\dropbox\xcodeprojects\aluminum\windows\framework\aluminum\debug\resourcehandler.obj
c:\users\kyle\dropbox\xcodeprojects\aluminum\windows\framework\aluminum\debug\aluminum.lib
c:\users\kyle\dropbox\xcodeprojects\aluminum\windows\framework\aluminum\debug\aluminum.tlog\cl.command.1.tlog
c:\users\kyle\dropbox\xcodeprojects\aluminum\windows\framework\aluminum\debug\aluminum.tlog\cl.read.1.tlog
c:\users\kyle\dropbox\xcodeprojects\aluminum\windows\framework\aluminum\debug\aluminum.tlog\cl.write.1.tlog
c:\users\kyle\dropbox\xcodeprojects\aluminum\windows\framework\aluminum\debug\aluminum.tlog\lib-link.read.1.tlog
c:\users\kyle\dropbox\xcodeprojects\aluminum\windows\framework\aluminum\debug\aluminum.tlog\lib-link.write.1.tlog
c:\users\kyle\dropbox\xcodeprojects\aluminum\windows\framework\aluminum\debug\aluminum.tlog\lib.command.1.tlog
